<?xml version="1.0" encoding="UTF-8"?>
<testsuite errors="0" failures="0" name="wikiSearch" file="/Users/sjagtap/Acne/BDD/behatclean/features/wikiSearch.feature" tests="32" time="69.724913">
    <testcase classname="wikiSearch" name="Search Keywords on wiki" time="25.592093">
    </testcase>
    <testcase classname="wikiSearch" name="Search Keywords on wiki" time="8.105323">
    </testcase>
    <testcase classname="wikiSearch" name="Search Keywords on wiki" time="5.010920">
    </testcase>
    <testcase classname="wikiSearch" name="Search Keywords on wiki" time="5.031055">
    </testcase>
    <testcase classname="wikiSearch" name="Search Keywords on wiki" time="6.524140">
    </testcase>
    <testcase classname="wikiSearch" name="Search Keywords on wiki" time="5.019759">
    </testcase>
    <testcase classname="wikiSearch" name="Search Keywords on wiki" time="5.250024">
    </testcase>
    <testcase classname="wikiSearch" name="Search Keywords on wiki" time="5.821503">
    </testcase>
</testsuite>
