<?xml version="1.0" encoding="UTF-8"?>
<testsuite errors="0" failures="0" name="wikiSearch" file="/Users/sjagtap/Behat/features/wikiSearch.feature" tests="32" time="71.221847">
    <testcase classname="wikiSearch" name="Search Keywords on wiki" time="16.420525">
    </testcase>
    <testcase classname="wikiSearch" name="Search Keywords on wiki" time="7.033237">
    </testcase>
    <testcase classname="wikiSearch" name="Search Keywords on wiki" time="7.009379">
    </testcase>
    <testcase classname="wikiSearch" name="Search Keywords on wiki" time="8.770015">
    </testcase>
    <testcase classname="wikiSearch" name="Search Keywords on wiki" time="8.139706">
    </testcase>
    <testcase classname="wikiSearch" name="Search Keywords on wiki" time="7.278197">
    </testcase>
    <testcase classname="wikiSearch" name="Search Keywords on wiki" time="7.209428">
    </testcase>
    <testcase classname="wikiSearch" name="Search Keywords on wiki" time="8.520158">
    </testcase>
</testsuite>
